-------------------------------------------------------------------------------
Test set: runner.TestRunner
-------------------------------------------------------------------------------
Tests run: 388, Failures: 8, Errors: 0, Skipped: 3, Time elapsed: 499.573 sec <<< FAILURE!
Then user should see the list of items added into the wish list(Scenario: list of product added into wish list)  Time elapsed: 0.017 sec  <<< FAILURE!
java.lang.AssertionError
	at org.junit.Assert.fail(Assert.java:87)
	at org.junit.Assert.assertTrue(Assert.java:42)
	at org.junit.Assert.assertTrue(Assert.java:53)
	at stepDefinitions.AddProductIntoWishList.user_should_see_the_list_of_items_added_into_the_wish_list(AddProductIntoWishList.java:46)
	at ?.Then user should see the list of items added into the wish list(Features/AddProductToWishList.feature:34)

Scenario: list of product added into wish list  Time elapsed: 0.018 sec  <<< FAILURE!
java.lang.AssertionError
	at org.junit.Assert.fail(Assert.java:87)
	at org.junit.Assert.assertTrue(Assert.java:42)
	at org.junit.Assert.assertTrue(Assert.java:53)
	at stepDefinitions.AddProductIntoWishList.user_should_see_the_list_of_items_added_into_the_wish_list(AddProductIntoWishList.java:46)
	at ?.Then user should see the list of items added into the wish list(Features/AddProductToWishList.feature:34)

Then user should see the list of items added into the wish list(Scenario: Remove product from wish list)  Time elapsed: 0 sec  <<< FAILURE!
java.lang.AssertionError
	at org.junit.Assert.fail(Assert.java:87)
	at org.junit.Assert.assertTrue(Assert.java:42)
	at org.junit.Assert.assertTrue(Assert.java:53)
	at stepDefinitions.AddProductIntoWishList.user_should_see_the_list_of_items_added_into_the_wish_list(AddProductIntoWishList.java:46)
	at ?.Then user should see the list of items added into the wish list(Features/RemoveProductFromWishList.feature:16)

Scenario: Remove product from wish list  Time elapsed: 0.001 sec  <<< FAILURE!
java.lang.AssertionError
	at org.junit.Assert.fail(Assert.java:87)
	at org.junit.Assert.assertTrue(Assert.java:42)
	at org.junit.Assert.assertTrue(Assert.java:53)
	at stepDefinitions.AddProductIntoWishList.user_should_see_the_list_of_items_added_into_the_wish_list(AddProductIntoWishList.java:46)
	at ?.Then user should see the list of items added into the wish list(Features/RemoveProductFromWishList.feature:16)

Then user should see updated unit price x quanitity of total(Scenario: confirm calculation of price x quantity of total)  Time elapsed: 0 sec  <<< FAILURE!
org.junit.ComparisonFailure: expected:<[$98.00]> but was:<[]>
	at org.junit.Assert.assertEquals(Assert.java:117)
	at org.junit.Assert.assertEquals(Assert.java:146)
	at stepDefinitions.ShoppingCartCheckoutPageStepDefinition.user_should_see_updated_unit_price_x_quanitity_of_total(ShoppingCartCheckoutPageStepDefinition.java:50)
	at ?.Then user should see updated unit price x quanitity of total(Features/ShoppingCartCheckoutPage.feature:27)

Scenario: confirm calculation of price x quantity of total  Time elapsed: 0 sec  <<< FAILURE!
org.junit.ComparisonFailure: expected:<[$98.00]> but was:<[]>
	at org.junit.Assert.assertEquals(Assert.java:117)
	at org.junit.Assert.assertEquals(Assert.java:146)
	at stepDefinitions.ShoppingCartCheckoutPageStepDefinition.user_should_see_updated_unit_price_x_quanitity_of_total(ShoppingCartCheckoutPageStepDefinition.java:50)
	at ?.Then user should see updated unit price x quanitity of total(Features/ShoppingCartCheckoutPage.feature:27)

And user should see the list of items added into the wish list(Scenario: currency should be visible under wish list cart)  Time elapsed: 0 sec  <<< FAILURE!
java.lang.AssertionError
	at org.junit.Assert.fail(Assert.java:87)
	at org.junit.Assert.assertTrue(Assert.java:42)
	at org.junit.Assert.assertTrue(Assert.java:53)
	at stepDefinitions.AddProductIntoWishList.user_should_see_the_list_of_items_added_into_the_wish_list(AddProductIntoWishList.java:46)
	at ?.And user should see the list of items added into the wish list(Features/currency.feature:46)

Scenario: currency should be visible under wish list cart  Time elapsed: 0 sec  <<< FAILURE!
java.lang.AssertionError
	at org.junit.Assert.fail(Assert.java:87)
	at org.junit.Assert.assertTrue(Assert.java:42)
	at org.junit.Assert.assertTrue(Assert.java:53)
	at stepDefinitions.AddProductIntoWishList.user_should_see_the_list_of_items_added_into_the_wish_list(AddProductIntoWishList.java:46)
	at ?.And user should see the list of items added into the wish list(Features/currency.feature:46)

